<?xml version="1.0" encoding="UTF-8"?>
<testng-results ignored="0" total="1" passed="0" failed="1" skipped="0">
  <reporter-output>
  </reporter-output>
  <suite started-at="2021-11-09T19:06:01 BRT" name="Default suite" finished-at="2021-11-09T19:06:06 BRT" duration-ms="5614">
    <groups>
      <group name="cucumber">
        <method signature="AbstractTestNGCucumberTests.runScenario(io.cucumber.testng.PickleWrapper,io.cucumber.testng.FeatureWrapper)[pri:0, instance:br.com.test.runners.RunCucumberTest@29215f06]" name="runScenario" class="io.cucumber.testng.AbstractTestNGCucumberTests"/>
      </group> <!-- cucumber -->
    </groups>
    <test started-at="2021-11-09T19:06:01 BRT" name="Default test" finished-at="2021-11-09T19:06:06 BRT" duration-ms="5614">
      <class name="br.com.test.runners.RunCucumberTest">
        <test-method is-config="true" signature="setUpClass()[pri:0, instance:br.com.test.runners.RunCucumberTest@29215f06]" started-at="2021-11-09T19:06:01 BRT" name="setUpClass" finished-at="2021-11-09T19:06:01 BRT" duration-ms="213" status="PASS">
          <reporter-output>
          </reporter-output>
        </test-method> <!-- setUpClass -->
        <test-method signature="runScenario(io.cucumber.testng.PickleWrapper,io.cucumber.testng.FeatureWrapper)[pri:0, instance:br.com.test.runners.RunCucumberTest@29215f06]" started-at="2021-11-09T19:06:01 BRT" name="runScenario" description="Runs Cucumber Scenarios" data-provider="scenarios" finished-at="2021-11-09T19:06:06 BRT" duration-ms="5256" status="FAIL">
          <params>
            <param index="0">
              <value>
                <![CDATA["Listar estoque de um vendedor a partir dos detalhes de um veiculo"]]>
              </value>
            </param>
            <param index="1">
              <value>
                <![CDATA["Optional[Listar estoque de vendedor no siteWebmotors]"]]>
              </value>
            </param>
          </params>
          <exception class="io.cucumber.testng.UndefinedStepException">
            <message>
              <![CDATA[The step 'pesquisar por "Honda" no filtro de Marcas' and 4 other step(s) are undefined.
You can implement these steps using the snippet(s) below:

@Dado("pesquisar por {string} no filtro de Marcas")
public void pesquisar_por_no_filtro_de_marcas(String string) {
    // Write code here that turns the phrase above into concrete actions
    throw new io.cucumber.java.PendingException();
}
@Dado("pesquisar por {string} no filtro de Modelos")
public void pesquisar_por_no_filtro_de_modelos(String string) {
    // Write code here that turns the phrase above into concrete actions
    throw new io.cucumber.java.PendingException();
}
@Quando("abrir os detalhes do primeiro veiculo nos resultados de pesquisa")
public void abrir_os_detalhes_do_primeiro_veiculo_nos_resultados_de_pesquisa() {
    // Write code here that turns the phrase above into concrete actions
    throw new io.cucumber.java.PendingException();
}
@Quando("clicar para ver todos os carros do vendedor")
public void clicar_para_ver_todos_os_carros_do_vendedor() {
    // Write code here that turns the phrase above into concrete actions
    throw new io.cucumber.java.PendingException();
}
@Entao("retornar para a tela de resultados de pesquisa somente com os carros do vendedor")
public void retornar_para_a_tela_de_resultados_de_pesquisa_somente_com_os_carros_do_vendedor() {
    // Write code here that turns the phrase above into concrete actions
    throw new io.cucumber.java.PendingException();
}
]]>
            </message>
            <full-stacktrace>
              <![CDATA[io.cucumber.testng.UndefinedStepException: The step 'pesquisar por "Honda" no filtro de Marcas' and 4 other step(s) are undefined.
You can implement these steps using the snippet(s) below:

@Dado("pesquisar por {string} no filtro de Marcas")
public void pesquisar_por_no_filtro_de_marcas(String string) {
    // Write code here that turns the phrase above into concrete actions
    throw new io.cucumber.java.PendingException();
}
@Dado("pesquisar por {string} no filtro de Modelos")
public void pesquisar_por_no_filtro_de_modelos(String string) {
    // Write code here that turns the phrase above into concrete actions
    throw new io.cucumber.java.PendingException();
}
@Quando("abrir os detalhes do primeiro veiculo nos resultados de pesquisa")
public void abrir_os_detalhes_do_primeiro_veiculo_nos_resultados_de_pesquisa() {
    // Write code here that turns the phrase above into concrete actions
    throw new io.cucumber.java.PendingException();
}
@Quando("clicar para ver todos os carros do vendedor")
public void clicar_para_ver_todos_os_carros_do_vendedor() {
    // Write code here that turns the phrase above into concrete actions
    throw new io.cucumber.java.PendingException();
}
@Entao("retornar para a tela de resultados de pesquisa somente com os carros do vendedor")
public void retornar_para_a_tela_de_resultados_de_pesquisa_somente_com_os_carros_do_vendedor() {
    // Write code here that turns the phrase above into concrete actions
    throw new io.cucumber.java.PendingException();
}

at io.cucumber.core.runtime.TestCaseResultObserver.assertTestCasePassed(TestCaseResultObserver.java:69)
at io.cucumber.testng.TestCaseResultObserver.assertTestCasePassed(TestCaseResultObserver.java:23)
at io.cucumber.testng.TestNGCucumberRunner.lambda$runScenario$1(TestNGCucumberRunner.java:135)
at io.cucumber.core.runtime.CucumberExecutionContext.runTestCase(CucumberExecutionContext.java:117)
at io.cucumber.testng.TestNGCucumberRunner.runScenario(TestNGCucumberRunner.java:131)
at io.cucumber.testng.AbstractTestNGCucumberTests.runScenario(AbstractTestNGCucumberTests.java:31)
at java.base/jdk.internal.reflect.NativeMethodAccessorImpl.invoke0(Native Method)
at java.base/jdk.internal.reflect.NativeMethodAccessorImpl.invoke(NativeMethodAccessorImpl.java:77)
at java.base/jdk.internal.reflect.DelegatingMethodAccessorImpl.invoke(DelegatingMethodAccessorImpl.java:43)
at java.base/java.lang.reflect.Method.invoke(Method.java:568)
at org.testng.internal.MethodInvocationHelper.invokeMethod(MethodInvocationHelper.java:133)
at org.testng.internal.TestInvoker.invokeMethod(TestInvoker.java:598)
at org.testng.internal.TestInvoker.invokeTestMethod(TestInvoker.java:173)
at org.testng.internal.MethodRunner.runInSequence(MethodRunner.java:46)
at org.testng.internal.TestInvoker$MethodInvocationAgent.invoke(TestInvoker.java:824)
at org.testng.internal.TestInvoker.invokeTestMethods(TestInvoker.java:146)
at org.testng.internal.TestMethodWorker.invokeTestMethods(TestMethodWorker.java:146)
at org.testng.internal.TestMethodWorker.run(TestMethodWorker.java:128)
at java.base/java.util.ArrayList.forEach(ArrayList.java:1511)
at org.testng.TestRunner.privateRun(TestRunner.java:794)
at org.testng.TestRunner.run(TestRunner.java:596)
at org.testng.SuiteRunner.runTest(SuiteRunner.java:377)
at org.testng.SuiteRunner.runSequentially(SuiteRunner.java:371)
at org.testng.SuiteRunner.privateRun(SuiteRunner.java:332)
at org.testng.SuiteRunner.run(SuiteRunner.java:276)
at org.testng.SuiteRunnerWorker.runSuite(SuiteRunnerWorker.java:53)
at org.testng.SuiteRunnerWorker.run(SuiteRunnerWorker.java:96)
at org.testng.TestNG.runSuitesSequentially(TestNG.java:1212)
at org.testng.TestNG.runSuitesLocally(TestNG.java:1134)
at org.testng.TestNG.runSuites(TestNG.java:1063)
at org.testng.TestNG.run(TestNG.java:1031)
at org.testng.remote.AbstractRemoteTestNG.run(AbstractRemoteTestNG.java:115)
at org.testng.remote.RemoteTestNG.initAndRun(RemoteTestNG.java:251)
at org.testng.remote.RemoteTestNG.main(RemoteTestNG.java:77)
]]>
            </full-stacktrace>
          </exception> <!-- io.cucumber.testng.UndefinedStepException -->
          <reporter-output>
          </reporter-output>
        </test-method> <!-- runScenario -->
        <test-method is-config="true" signature="tearDownClass()[pri:0, instance:br.com.test.runners.RunCucumberTest@29215f06]" started-at="2021-11-09T19:06:06 BRT" name="tearDownClass" finished-at="2021-11-09T19:06:06 BRT" duration-ms="115" status="PASS">
          <reporter-output>
          </reporter-output>
        </test-method> <!-- tearDownClass -->
      </class> <!-- br.com.test.runners.RunCucumberTest -->
    </test> <!-- Default test -->
  </suite> <!-- Default suite -->
</testng-results>
